0 info it worked if it ends with ok
1 verbose cli [ '/usr/local/bin/node',
1 verbose cli   '/usr/local/bin/npm',
1 verbose cli   'run',
1 verbose cli   'ghpages',
1 verbose cli   'fayeli' ]
2 info using npm@3.5.2
3 info using node@v4.2.3
4 verbose run-script [ 'preghpages', 'ghpages', 'postghpages' ]
5 info lifecycle aframe-boilerplate@0.0.0~preghpages: aframe-boilerplate@0.0.0
6 silly lifecycle aframe-boilerplate@0.0.0~preghpages: no script for preghpages, continuing
7 info lifecycle aframe-boilerplate@0.0.0~ghpages: aframe-boilerplate@0.0.0
8 verbose lifecycle aframe-boilerplate@0.0.0~ghpages: unsafe-perm in lifecycle true
9 verbose lifecycle aframe-boilerplate@0.0.0~ghpages: PATH: /usr/local/lib/node_modules/npm/bin/node-gyp-bin:/Users/fayelisifi/Documents/aframe-boilerplate-master/node_modules/.bin:/Library/Frameworks/Python.framework/Versions/2.7/bin:/Library/Frameworks/Python.framework/Versions/2.7/bin:/usr/local/heroku/bin:/Users/fayelisifi/anaconda/bin:/usr/local/bin:/usr/local/bin:/Library/Frameworks/Python.framework/Versions/2.7/bin:/usr/local/bin:/usr/bin:/bin:/usr/sbin:/sbin:/opt/X11/bin:/Library/TeX/texbin:/Users/fayelisifi/Users/fayelisifi/Documents/adt-bundle-mac-x86_64-20140321/sdk/tools:/Users/fayelisifi/Users/fayelisifi/Documents/adt-bundle-mac-x86_64-20140321/sdk/platform-tools:/Users/fayelisifi/.rvm/bin
10 verbose lifecycle aframe-boilerplate@0.0.0~ghpages: CWD: /Users/fayelisifi/Documents/aframe-boilerplate-master
11 silly lifecycle aframe-boilerplate@0.0.0~ghpages: Args: [ '-c', 'ghpages "fayeli"' ]
12 silly lifecycle aframe-boilerplate@0.0.0~ghpages: Returned: code: 1  signal: null
13 info lifecycle aframe-boilerplate@0.0.0~ghpages: Failed to exec ghpages script
14 verbose stack Error: aframe-boilerplate@0.0.0 ghpages: `ghpages "fayeli"`
14 verbose stack Exit status 1
14 verbose stack     at EventEmitter.<anonymous> (/usr/local/lib/node_modules/npm/lib/utils/lifecycle.js:232:16)
14 verbose stack     at emitTwo (events.js:87:13)
14 verbose stack     at EventEmitter.emit (events.js:172:7)
14 verbose stack     at ChildProcess.<anonymous> (/usr/local/lib/node_modules/npm/lib/utils/spawn.js:24:14)
14 verbose stack     at emitTwo (events.js:87:13)
14 verbose stack     at ChildProcess.emit (events.js:172:7)
14 verbose stack     at maybeClose (internal/child_process.js:818:16)
14 verbose stack     at Process.ChildProcess._handle.onexit (internal/child_process.js:211:5)
15 verbose pkgid aframe-boilerplate@0.0.0
16 verbose cwd /Users/fayelisifi/Documents/aframe-boilerplate-master
17 error Darwin 14.5.0
18 error argv "/usr/local/bin/node" "/usr/local/bin/npm" "run" "ghpages" "fayeli"
19 error node v4.2.3
20 error npm  v3.5.2
21 error code ELIFECYCLE
22 error aframe-boilerplate@0.0.0 ghpages: `ghpages "fayeli"`
22 error Exit status 1
23 error Failed at the aframe-boilerplate@0.0.0 ghpages script 'ghpages "fayeli"'.
23 error Make sure you have the latest version of node.js and npm installed.
23 error If you do, this is most likely a problem with the aframe-boilerplate package,
23 error not with npm itself.
23 error Tell the author that this fails on your system:
23 error     ghpages "fayeli"
23 error You can get information on how to open an issue for this project with:
23 error     npm bugs aframe-boilerplate
23 error Or if that isn't available, you can get their info via:
23 error     npm owner ls aframe-boilerplate
23 error There is likely additional logging output above.
24 verbose exit [ 1, true ]
